Connecting to database specified by database.yml
Connecting to database specified by database.yml
Connecting to database specified by database.yml
Connecting to database specified by database.yml
Connecting to database specified by database.yml
Connecting to database specified by database.yml
Connecting to database specified by database.yml


Started GET "/" for 127.0.0.1 at 2013-10-27 14:37:46 -0400
Processing by ItemsController#index as HTML
Completed 500 Internal Server Error in 40ms

ActiveRecord::StatementInvalid (Could not find table 'items'):
  app/controllers/items_controller.rb:5:in `index'


  Rendered /Users/anishavasandani/.rvm/gems/ruby-1.9.3-p429/gems/actionpack-3.2.13/lib/action_dispatch/middleware/templates/rescues/_trace.erb (1.8ms)
  Rendered /Users/anishavasandani/.rvm/gems/ruby-1.9.3-p429/gems/actionpack-3.2.13/lib/action_dispatch/middleware/templates/rescues/_request_and_response.erb (1.1ms)
  Rendered /Users/anishavasandani/.rvm/gems/ruby-1.9.3-p429/gems/actionpack-3.2.13/lib/action_dispatch/middleware/templates/rescues/diagnostics.erb within rescues/layout (12.8ms)
Connecting to database specified by database.yml
Connecting to database specified by database.yml


Started GET "/" for 127.0.0.1 at 2013-10-27 14:38:13 -0400
Processing by ItemsController#index as HTML
Completed 500 Internal Server Error in 1ms

ActiveRecord::StatementInvalid (Could not find table 'items'):
  app/controllers/items_controller.rb:5:in `index'


  Rendered /Users/anishavasandani/.rvm/gems/ruby-1.9.3-p429/gems/actionpack-3.2.13/lib/action_dispatch/middleware/templates/rescues/_trace.erb (1.4ms)
  Rendered /Users/anishavasandani/.rvm/gems/ruby-1.9.3-p429/gems/actionpack-3.2.13/lib/action_dispatch/middleware/templates/rescues/_request_and_response.erb (1.1ms)
  Rendered /Users/anishavasandani/.rvm/gems/ruby-1.9.3-p429/gems/actionpack-3.2.13/lib/action_dispatch/middleware/templates/rescues/diagnostics.erb within rescues/layout (7.8ms)
  [1m[36m (0.1ms)[0m  [1mselect sqlite_version(*)[0m
  [1m[35m (1.1ms)[0m  CREATE TABLE "schema_migrations" ("version" varchar(255) NOT NULL) 
  [1m[36m (0.8ms)[0m  [1mCREATE UNIQUE INDEX "unique_schema_migrations" ON "schema_migrations" ("version")[0m
  [1m[35m (1.6ms)[0m  SELECT "schema_migrations"."version" FROM "schema_migrations" 
Migrating to CreateItems (20131027183507)
  [1m[36m (0.0ms)[0m  [1mbegin transaction[0m
  [1m[35m (0.3ms)[0m  CREATE TABLE "items" ("id" INTEGER PRIMARY KEY AUTOINCREMENT NOT NULL, "name" varchar(255), "complete_by" datetime, "created_at" datetime NOT NULL, "updated_at" datetime NOT NULL) 
  [1m[36m (0.1ms)[0m  [1mINSERT INTO "schema_migrations" ("version") VALUES ('20131027183507')[0m
  [1m[35m (1.1ms)[0m  commit transaction
Migrating to DeviseCreateUsers (20131027183806)
  [1m[36m (0.0ms)[0m  [1mbegin transaction[0m
  [1m[35m (0.4ms)[0m  CREATE TABLE "users" ("id" INTEGER PRIMARY KEY AUTOINCREMENT NOT NULL, "email" varchar(255) DEFAULT '' NOT NULL, "encrypted_password" varchar(255) DEFAULT '' NOT NULL, "reset_password_token" varchar(255), "reset_password_sent_at" datetime, "remember_created_at" datetime, "sign_in_count" integer DEFAULT 0 NOT NULL, "current_sign_in_at" datetime, "last_sign_in_at" datetime, "current_sign_in_ip" varchar(255), "last_sign_in_ip" varchar(255), "created_at" datetime NOT NULL, "updated_at" datetime NOT NULL) 
  [1m[36m (0.3ms)[0m  [1mCREATE UNIQUE INDEX "index_users_on_email" ON "users" ("email")[0m
  [1m[35m (0.1ms)[0m  CREATE UNIQUE INDEX "index_users_on_reset_password_token" ON "users" ("reset_password_token")
  [1m[36m (0.1ms)[0m  [1mINSERT INTO "schema_migrations" ("version") VALUES ('20131027183806')[0m
  [1m[35m (1.2ms)[0m  commit transaction
  [1m[36m (0.1ms)[0m  [1mSELECT "schema_migrations"."version" FROM "schema_migrations" [0m


Started GET "/" for 127.0.0.1 at 2013-10-27 14:38:15 -0400
Processing by ItemsController#index as HTML
  [1m[36mItem Load (0.1ms)[0m  [1mSELECT "items".* FROM "items" [0m
  Rendered items/index.html.erb within layouts/application (1.3ms)
Compiled items.css  (31ms)  (pid 3319)
Compiled scaffolds.css  (12ms)  (pid 3319)
Compiled application.css  (58ms)  (pid 3319)
Compiled jquery.js  (2ms)  (pid 3319)
Compiled jquery_ujs.js  (0ms)  (pid 3319)
Compiled items.js  (418ms)  (pid 3319)
Compiled application.js  (492ms)  (pid 3319)
Completed 200 OK in 625ms (Views: 621.9ms | ActiveRecord: 0.6ms)


Started GET "/assets/scaffolds.css?body=1" for 127.0.0.1 at 2013-10-27 14:38:16 -0400
Served asset /scaffolds.css - 304 Not Modified (2ms)


Started GET "/assets/application.css?body=1" for 127.0.0.1 at 2013-10-27 14:38:16 -0400
Served asset /application.css - 304 Not Modified (3ms)


Started GET "/assets/jquery.js?body=1" for 127.0.0.1 at 2013-10-27 14:38:16 -0400
Served asset /jquery.js - 304 Not Modified (3ms)


Started GET "/assets/items.css?body=1" for 127.0.0.1 at 2013-10-27 14:38:16 -0400
Served asset /items.css - 304 Not Modified (2ms)


Started GET "/assets/application.js?body=1" for 127.0.0.1 at 2013-10-27 14:38:16 -0400
Served asset /application.js - 304 Not Modified (5ms)


Started GET "/assets/items.js?body=1" for 127.0.0.1 at 2013-10-27 14:38:16 -0400
Served asset /items.js - 304 Not Modified (1ms)


Started GET "/assets/jquery_ujs.js?body=1" for 127.0.0.1 at 2013-10-27 14:38:16 -0400
Served asset /jquery_ujs.js - 304 Not Modified (1ms)


Started GET "/" for 127.0.0.1 at 2013-10-27 14:38:52 -0400
Processing by ItemsController#index as HTML
  [1m[35mItem Load (0.2ms)[0m  SELECT "items".* FROM "items" 
  Rendered items/index.html.erb within layouts/application (0.6ms)
Completed 200 OK in 12ms (Views: 10.9ms | ActiveRecord: 0.2ms)


Started GET "/assets/application.css?body=1" for 127.0.0.1 at 2013-10-27 14:38:52 -0400
Served asset /application.css - 304 Not Modified (0ms)


Started GET "/assets/scaffolds.css?body=1" for 127.0.0.1 at 2013-10-27 14:38:52 -0400
Served asset /scaffolds.css - 304 Not Modified (0ms)


Started GET "/assets/items.js?body=1" for 127.0.0.1 at 2013-10-27 14:38:52 -0400
Served asset /items.js - 304 Not Modified (0ms)


Started GET "/assets/jquery_ujs.js?body=1" for 127.0.0.1 at 2013-10-27 14:38:52 -0400
Served asset /jquery_ujs.js - 304 Not Modified (0ms)


Started GET "/assets/jquery.js?body=1" for 127.0.0.1 at 2013-10-27 14:38:52 -0400
Served asset /jquery.js - 304 Not Modified (0ms)


Started GET "/assets/items.css?body=1" for 127.0.0.1 at 2013-10-27 14:38:52 -0400
Served asset /items.css - 304 Not Modified (0ms)


Started GET "/assets/application.js?body=1" for 127.0.0.1 at 2013-10-27 14:38:52 -0400
Served asset /application.js - 304 Not Modified (0ms)


Started GET "/" for 127.0.0.1 at 2013-10-27 14:40:00 -0400
Processing by ItemsController#index as HTML
  [1m[36mItem Load (0.2ms)[0m  [1mSELECT "items".* FROM "items" [0m
  Rendered items/index.html.erb within layouts/application (0.2ms)
Completed 200 OK in 12ms (Views: 11.3ms | ActiveRecord: 0.2ms)


Started GET "/assets/application.css?body=1" for 127.0.0.1 at 2013-10-27 14:40:00 -0400
Served asset /application.css - 304 Not Modified (0ms)


Started GET "/assets/items.css?body=1" for 127.0.0.1 at 2013-10-27 14:40:00 -0400
Served asset /items.css - 304 Not Modified (0ms)


Started GET "/assets/scaffolds.css?body=1" for 127.0.0.1 at 2013-10-27 14:40:00 -0400
Served asset /scaffolds.css - 304 Not Modified (0ms)


Started GET "/assets/jquery.js?body=1" for 127.0.0.1 at 2013-10-27 14:40:00 -0400
Served asset /jquery.js - 304 Not Modified (0ms)


Started GET "/assets/jquery_ujs.js?body=1" for 127.0.0.1 at 2013-10-27 14:40:00 -0400
Served asset /jquery_ujs.js - 304 Not Modified (0ms)


Started GET "/assets/items.js?body=1" for 127.0.0.1 at 2013-10-27 14:40:00 -0400
Served asset /items.js - 304 Not Modified (0ms)


Started GET "/assets/application.js?body=1" for 127.0.0.1 at 2013-10-27 14:40:00 -0400
Served asset /application.js - 304 Not Modified (0ms)
Connecting to database specified by database.yml
Connecting to database specified by database.yml
  [1m[36m (1.2ms)[0m  [1mSELECT "schema_migrations"."version" FROM "schema_migrations" [0m
Migrating to CreateItems (20131027183507)
Migrating to DeviseCreateUsers (20131027183806)
Migrating to AddUsernameToUsers (20131027184114)
  [1m[35m (0.0ms)[0m  select sqlite_version(*)
  [1m[36m (0.0ms)[0m  [1mbegin transaction[0m
  [1m[35m (0.4ms)[0m  ALTER TABLE "users" ADD "username" varchar(255)
  [1m[36m (0.1ms)[0m  [1mINSERT INTO "schema_migrations" ("version") VALUES ('20131027184114')[0m
  [1m[35m (1.5ms)[0m  commit transaction
  [1m[36m (0.1ms)[0m  [1mSELECT "schema_migrations"."version" FROM "schema_migrations" [0m


Started GET "/" for 127.0.0.1 at 2013-10-27 14:44:12 -0400
Processing by ItemsController#index as HTML
  [1m[35mItem Load (0.1ms)[0m  SELECT "items".* FROM "items" 
  Rendered items/index.html.erb within layouts/application (0.3ms)
Completed 200 OK in 12ms (Views: 9.8ms | ActiveRecord: 0.4ms)


Started GET "/assets/application.css?body=1" for 127.0.0.1 at 2013-10-27 14:44:12 -0400
Served asset /application.css - 304 Not Modified (0ms)


Started GET "/assets/items.css?body=1" for 127.0.0.1 at 2013-10-27 14:44:12 -0400
Served asset /items.css - 304 Not Modified (0ms)


Started GET "/assets/jquery.js?body=1" for 127.0.0.1 at 2013-10-27 14:44:12 -0400
Served asset /jquery.js - 304 Not Modified (0ms)


Started GET "/assets/scaffolds.css?body=1" for 127.0.0.1 at 2013-10-27 14:44:12 -0400
Served asset /scaffolds.css - 304 Not Modified (0ms)


Started GET "/assets/jquery_ujs.js?body=1" for 127.0.0.1 at 2013-10-27 14:44:12 -0400
Served asset /jquery_ujs.js - 304 Not Modified (0ms)


Started GET "/assets/items.js?body=1" for 127.0.0.1 at 2013-10-27 14:44:12 -0400
Served asset /items.js - 304 Not Modified (0ms)


Started GET "/assets/application.js?body=1" for 127.0.0.1 at 2013-10-27 14:44:12 -0400
Served asset /application.js - 304 Not Modified (0ms)


Started GET "/" for 127.0.0.1 at 2013-10-27 14:44:14 -0400
Processing by ItemsController#index as HTML
  [1m[36mItem Load (0.2ms)[0m  [1mSELECT "items".* FROM "items" [0m
  Rendered items/index.html.erb within layouts/application (0.2ms)
Completed 200 OK in 11ms (Views: 10.4ms | ActiveRecord: 0.2ms)


Started GET "/assets/application.css?body=1" for 127.0.0.1 at 2013-10-27 14:44:14 -0400
Served asset /application.css - 304 Not Modified (0ms)


Started GET "/assets/jquery.js?body=1" for 127.0.0.1 at 2013-10-27 14:44:14 -0400
Served asset /jquery.js - 304 Not Modified (0ms)


Started GET "/assets/items.css?body=1" for 127.0.0.1 at 2013-10-27 14:44:14 -0400
Served asset /items.css - 304 Not Modified (0ms)


Started GET "/assets/scaffolds.css?body=1" for 127.0.0.1 at 2013-10-27 14:44:14 -0400
Served asset /scaffolds.css - 304 Not Modified (0ms)


Started GET "/assets/jquery_ujs.js?body=1" for 127.0.0.1 at 2013-10-27 14:44:14 -0400
Served asset /jquery_ujs.js - 304 Not Modified (0ms)


Started GET "/assets/items.js?body=1" for 127.0.0.1 at 2013-10-27 14:44:14 -0400
Served asset /items.js - 304 Not Modified (0ms)


Started GET "/assets/application.js?body=1" for 127.0.0.1 at 2013-10-27 14:44:14 -0400
Served asset /application.js - 304 Not Modified (0ms)


Started GET "/" for 127.0.0.1 at 2013-10-27 14:44:15 -0400
Processing by ItemsController#index as HTML
  [1m[35mItem Load (0.1ms)[0m  SELECT "items".* FROM "items" 
  Rendered items/index.html.erb within layouts/application (0.3ms)
Completed 200 OK in 12ms (Views: 11.1ms | ActiveRecord: 0.1ms)


Started GET "/assets/application.css?body=1" for 127.0.0.1 at 2013-10-27 14:44:15 -0400
Served asset /application.css - 304 Not Modified (0ms)


Started GET "/assets/items.css?body=1" for 127.0.0.1 at 2013-10-27 14:44:15 -0400
Served asset /items.css - 304 Not Modified (0ms)


Started GET "/assets/scaffolds.css?body=1" for 127.0.0.1 at 2013-10-27 14:44:15 -0400
Served asset /scaffolds.css - 304 Not Modified (0ms)


Started GET "/assets/jquery.js?body=1" for 127.0.0.1 at 2013-10-27 14:44:15 -0400
Served asset /jquery.js - 304 Not Modified (0ms)


Started GET "/assets/jquery_ujs.js?body=1" for 127.0.0.1 at 2013-10-27 14:44:15 -0400
Served asset /jquery_ujs.js - 304 Not Modified (0ms)


Started GET "/assets/items.js?body=1" for 127.0.0.1 at 2013-10-27 14:44:15 -0400
Served asset /items.js - 304 Not Modified (0ms)


Started GET "/assets/application.js?body=1" for 127.0.0.1 at 2013-10-27 14:44:15 -0400
Served asset /application.js - 304 Not Modified (0ms)
Connecting to database specified by database.yml


Started GET "/" for 127.0.0.1 at 2013-10-27 14:44:33 -0400
Processing by ItemsController#index as HTML
  [1m[36mItem Load (0.1ms)[0m  [1mSELECT "items".* FROM "items" [0m
  Rendered items/index.html.erb within layouts/application (3.9ms)
Completed 200 OK in 77ms (Views: 54.5ms | ActiveRecord: 2.3ms)


Started GET "/assets/application.css?body=1" for 127.0.0.1 at 2013-10-27 14:44:33 -0400
Served asset /application.css - 304 Not Modified (9ms)


Started GET "/assets/items.css?body=1" for 127.0.0.1 at 2013-10-27 14:44:33 -0400
Served asset /items.css - 304 Not Modified (1ms)


Started GET "/assets/jquery_ujs.js?body=1" for 127.0.0.1 at 2013-10-27 14:44:33 -0400
Served asset /jquery_ujs.js - 304 Not Modified (3ms)


Started GET "/assets/scaffolds.css?body=1" for 127.0.0.1 at 2013-10-27 14:44:33 -0400
Served asset /scaffolds.css - 304 Not Modified (1ms)


Started GET "/assets/items.js?body=1" for 127.0.0.1 at 2013-10-27 14:44:33 -0400
Served asset /items.js - 304 Not Modified (1ms)


Started GET "/assets/jquery.js?body=1" for 127.0.0.1 at 2013-10-27 14:44:33 -0400
Served asset /jquery.js - 304 Not Modified (3ms)


Started GET "/assets/application.js?body=1" for 127.0.0.1 at 2013-10-27 14:44:33 -0400
Served asset /application.js - 304 Not Modified (3ms)


Started GET "/items/new" for 127.0.0.1 at 2013-10-27 14:44:37 -0400
Processing by ItemsController#new as HTML
Completed 401 Unauthorized in 8ms


Started GET "/users/sign_in" for 127.0.0.1 at 2013-10-27 14:44:37 -0400
Processing by Devise::SessionsController#new as HTML
  Rendered devise/shared/_links.erb (1.7ms)
  Rendered devise/sessions/new.html.erb within layouts/application (9.3ms)
Completed 200 OK in 42ms (Views: 22.1ms | ActiveRecord: 0.3ms)


Started GET "/assets/application.css?body=1" for 127.0.0.1 at 2013-10-27 14:44:37 -0400
Served asset /application.css - 304 Not Modified (0ms)


Started GET "/assets/items.css?body=1" for 127.0.0.1 at 2013-10-27 14:44:37 -0400
Served asset /items.css - 304 Not Modified (0ms)


Started GET "/assets/scaffolds.css?body=1" for 127.0.0.1 at 2013-10-27 14:44:37 -0400
Served asset /scaffolds.css - 304 Not Modified (0ms)


Started GET "/assets/jquery.js?body=1" for 127.0.0.1 at 2013-10-27 14:44:37 -0400
Served asset /jquery.js - 304 Not Modified (0ms)


Started GET "/assets/application.js?body=1" for 127.0.0.1 at 2013-10-27 14:44:37 -0400
Served asset /application.js - 304 Not Modified (0ms)


Started GET "/assets/jquery_ujs.js?body=1" for 127.0.0.1 at 2013-10-27 14:44:37 -0400
Served asset /jquery_ujs.js - 304 Not Modified (0ms)


Started GET "/assets/items.js?body=1" for 127.0.0.1 at 2013-10-27 14:44:37 -0400
Served asset /items.js - 304 Not Modified (0ms)


Started GET "/users/sign_in" for 127.0.0.1 at 2013-10-27 14:45:31 -0400
Processing by Devise::SessionsController#new as HTML
  Rendered devise/sessions/new.html.erb within layouts/application (8.1ms)
Completed 500 Internal Server Error in 10ms

ActionView::Template::Error (undefined method `Name' for #<User:0x007fa4ae439630>):
    3: <%= form_for(resource, :as => resource_name, :url => session_path(resource_name)) do |f| %>
    4: 
    5:   <div class="field"><%= f.label :username %><br />
    6:   <%= f.text_field 'Name' %></div>
    7: 
    8:   <div><%= f.label :email %><br />
    9:   <%= f.email_field :email, :autofocus => true %></div>
  app/views/devise/sessions/new.html.erb:6:in `block in _app_views_devise_sessions_new_html_erb___2820184810206744519_70172621632220'
  app/views/devise/sessions/new.html.erb:3:in `_app_views_devise_sessions_new_html_erb___2820184810206744519_70172621632220'


  Rendered /Users/anishavasandani/.rvm/gems/ruby-1.9.3-p429/gems/actionpack-3.2.13/lib/action_dispatch/middleware/templates/rescues/_trace.erb (1.1ms)
  Rendered /Users/anishavasandani/.rvm/gems/ruby-1.9.3-p429/gems/actionpack-3.2.13/lib/action_dispatch/middleware/templates/rescues/_request_and_response.erb (21.2ms)
  Rendered /Users/anishavasandani/.rvm/gems/ruby-1.9.3-p429/gems/actionpack-3.2.13/lib/action_dispatch/middleware/templates/rescues/template_error.erb within rescues/layout (27.5ms)


Started GET "/users/sign_in" for 127.0.0.1 at 2013-10-27 14:45:43 -0400
Processing by Devise::SessionsController#new as HTML
  Rendered devise/shared/_links.erb (0.3ms)
  Rendered devise/sessions/new.html.erb within layouts/application (3.0ms)
Completed 200 OK in 16ms (Views: 15.2ms | ActiveRecord: 0.0ms)


Started GET "/assets/application.css?body=1" for 127.0.0.1 at 2013-10-27 14:45:43 -0400
Served asset /application.css - 304 Not Modified (0ms)


Started GET "/assets/scaffolds.css?body=1" for 127.0.0.1 at 2013-10-27 14:45:43 -0400
Served asset /scaffolds.css - 304 Not Modified (0ms)


Started GET "/assets/items.js?body=1" for 127.0.0.1 at 2013-10-27 14:45:43 -0400
Served asset /items.js - 304 Not Modified (0ms)


Started GET "/assets/jquery.js?body=1" for 127.0.0.1 at 2013-10-27 14:45:43 -0400
Served asset /jquery.js - 304 Not Modified (0ms)


Started GET "/assets/items.css?body=1" for 127.0.0.1 at 2013-10-27 14:45:43 -0400
Served asset /items.css - 304 Not Modified (0ms)


Started GET "/assets/jquery_ujs.js?body=1" for 127.0.0.1 at 2013-10-27 14:45:43 -0400
Served asset /jquery_ujs.js - 304 Not Modified (0ms)


Started GET "/assets/application.js?body=1" for 127.0.0.1 at 2013-10-27 14:45:43 -0400
Served asset /application.js - 304 Not Modified (0ms)


Started GET "/users/sign_in" for 127.0.0.1 at 2013-10-27 14:45:58 -0400
Processing by Devise::SessionsController#new as HTML
  Rendered devise/shared/_links.erb (0.4ms)
  Rendered devise/sessions/new.html.erb within layouts/application (3.2ms)
Completed 200 OK in 14ms (Views: 13.8ms | ActiveRecord: 0.0ms)


Started GET "/assets/application.css?body=1" for 127.0.0.1 at 2013-10-27 14:45:58 -0400
Served asset /application.css - 304 Not Modified (0ms)


Started GET "/assets/items.css?body=1" for 127.0.0.1 at 2013-10-27 14:45:58 -0400
Served asset /items.css - 304 Not Modified (0ms)


Started GET "/assets/scaffolds.css?body=1" for 127.0.0.1 at 2013-10-27 14:45:58 -0400
Served asset /scaffolds.css - 304 Not Modified (0ms)


Started GET "/assets/jquery.js?body=1" for 127.0.0.1 at 2013-10-27 14:45:58 -0400
Served asset /jquery.js - 304 Not Modified (0ms)


Started GET "/assets/jquery_ujs.js?body=1" for 127.0.0.1 at 2013-10-27 14:45:58 -0400
Served asset /jquery_ujs.js - 304 Not Modified (0ms)


Started GET "/assets/items.js?body=1" for 127.0.0.1 at 2013-10-27 14:45:58 -0400
Served asset /items.js - 304 Not Modified (0ms)


Started GET "/assets/application.js?body=1" for 127.0.0.1 at 2013-10-27 14:45:58 -0400
Served asset /application.js - 304 Not Modified (0ms)
Connecting to database specified by database.yml
Connecting to database specified by database.yml
Connecting to database specified by database.yml
Connecting to database specified by database.yml
Connecting to database specified by database.yml
Connecting to database specified by database.yml
  [1m[36m (10.8ms)[0m  [1mSELECT "schema_migrations"."version" FROM "schema_migrations" [0m
Migrating to CreateItems (20131027183507)
Migrating to DeviseCreateUsers (20131027183806)
Migrating to AddUsernameToUsers (20131027184114)
  [1m[35m (0.1ms)[0m  select sqlite_version(*)
  [1m[36m (0.1ms)[0m  [1mSELECT "schema_migrations"."version" FROM "schema_migrations" [0m
Connecting to database specified by database.yml
Connecting to database specified by database.yml
  [1m[36m (1.0ms)[0m  [1mSELECT "schema_migrations"."version" FROM "schema_migrations" [0m
Migrating to CreateItems (20131027183507)
Migrating to DeviseCreateUsers (20131027183806)
Migrating to AddUsernameToUsers (20131027184114)
  [1m[35m (0.0ms)[0m  select sqlite_version(*)
  [1m[36m (0.1ms)[0m  [1mSELECT "schema_migrations"."version" FROM "schema_migrations" [0m
Connecting to database specified by database.yml


Started GET "/" for 127.0.0.1 at 2013-10-27 15:30:08 -0400
Processing by ItemsController#index as HTML
  [1m[36mItem Load (0.2ms)[0m  [1mSELECT "items".* FROM "items" [0m
  Rendered items/index.html.erb within layouts/application (2.4ms)
Compiled css/bootstrap.css  (0ms)  (pid 3889)
Compiled css/bootstrap.min.css  (0ms)  (pid 3889)
Compiled application.css  (28ms)  (pid 3889)
Completed 500 Internal Server Error in 126ms

ActionView::Template::Error (couldn't find file '../../vendor/assets/bootstrap/js/bootstrap.js'
  (in /Users/anishavasandani/todolistapp/app/assets/javascripts/application.js:15)):
    3: <head>
    4:   <title>Todolistapp</title>
    5:   <%= stylesheet_link_tag    "application", :media => "all" %>
    6:   <%= javascript_include_tag "application" %>
    7:   <%= csrf_meta_tags %>
    8: </head>
    9: 
  app/views/layouts/application.html.erb:6:in `_app_views_layouts_application_html_erb___3532190956335415658_70334742064180'
  app/controllers/items_controller.rb:9:in `index'


  Rendered /Users/anishavasandani/.rvm/gems/ruby-1.9.3-p429/gems/actionpack-3.2.13/lib/action_dispatch/middleware/templates/rescues/_trace.erb (1.0ms)
  Rendered /Users/anishavasandani/.rvm/gems/ruby-1.9.3-p429/gems/actionpack-3.2.13/lib/action_dispatch/middleware/templates/rescues/_request_and_response.erb (0.9ms)
  Rendered /Users/anishavasandani/.rvm/gems/ruby-1.9.3-p429/gems/actionpack-3.2.13/lib/action_dispatch/middleware/templates/rescues/template_error.erb within rescues/layout (7.4ms)


Started GET "/" for 127.0.0.1 at 2013-10-27 15:30:10 -0400
Processing by ItemsController#index as HTML
  [1m[35mItem Load (0.2ms)[0m  SELECT "items".* FROM "items" 
  Rendered items/index.html.erb within layouts/application (0.5ms)
Completed 500 Internal Server Error in 17ms

ActionView::Template::Error (couldn't find file '../../vendor/assets/bootstrap/js/bootstrap.js'
  (in /Users/anishavasandani/todolistapp/app/assets/javascripts/application.js:15)):
    3: <head>
    4:   <title>Todolistapp</title>
    5:   <%= stylesheet_link_tag    "application", :media => "all" %>
    6:   <%= javascript_include_tag "application" %>
    7:   <%= csrf_meta_tags %>
    8: </head>
    9: 
  app/views/layouts/application.html.erb:6:in `_app_views_layouts_application_html_erb___3532190956335415658_70334742064180'
  app/controllers/items_controller.rb:9:in `index'


  Rendered /Users/anishavasandani/.rvm/gems/ruby-1.9.3-p429/gems/actionpack-3.2.13/lib/action_dispatch/middleware/templates/rescues/_trace.erb (0.9ms)
  Rendered /Users/anishavasandani/.rvm/gems/ruby-1.9.3-p429/gems/actionpack-3.2.13/lib/action_dispatch/middleware/templates/rescues/_request_and_response.erb (0.7ms)
  Rendered /Users/anishavasandani/.rvm/gems/ruby-1.9.3-p429/gems/actionpack-3.2.13/lib/action_dispatch/middleware/templates/rescues/template_error.erb within rescues/layout (5.9ms)


Started GET "/" for 127.0.0.1 at 2013-10-27 15:30:14 -0400
Processing by ItemsController#index as HTML
  [1m[36mItem Load (0.2ms)[0m  [1mSELECT "items".* FROM "items" [0m
  Rendered items/index.html.erb within layouts/application (0.4ms)
Completed 500 Internal Server Error in 36ms

ActionView::Template::Error (couldn't find file '../../vendor/assets/bootstrap/js/bootstrap.js'
  (in /Users/anishavasandani/todolistapp/app/assets/javascripts/application.js:15)):
    3: <head>
    4:   <title>Todolistapp</title>
    5:   <%= stylesheet_link_tag    "application", :media => "all" %>
    6:   <%= javascript_include_tag "application" %>
    7:   <%= csrf_meta_tags %>
    8: </head>
    9: 
  app/views/layouts/application.html.erb:6:in `_app_views_layouts_application_html_erb___3532190956335415658_70334742064180'
  app/controllers/items_controller.rb:9:in `index'


  Rendered /Users/anishavasandani/.rvm/gems/ruby-1.9.3-p429/gems/actionpack-3.2.13/lib/action_dispatch/middleware/templates/rescues/_trace.erb (1.0ms)
  Rendered /Users/anishavasandani/.rvm/gems/ruby-1.9.3-p429/gems/actionpack-3.2.13/lib/action_dispatch/middleware/templates/rescues/_request_and_response.erb (0.7ms)
  Rendered /Users/anishavasandani/.rvm/gems/ruby-1.9.3-p429/gems/actionpack-3.2.13/lib/action_dispatch/middleware/templates/rescues/template_error.erb within rescues/layout (6.0ms)


Started GET "/" for 127.0.0.1 at 2013-10-27 15:32:13 -0400
Processing by ItemsController#index as HTML
  [1m[35mItem Load (0.1ms)[0m  SELECT "items".* FROM "items" 
  Rendered items/index.html.erb within layouts/application (0.3ms)
Compiled js/bootstrap.js  (0ms)  (pid 3889)
Compiled js/bootstrap.min.js  (0ms)  (pid 3889)
Compiled application.js  (56ms)  (pid 3889)
Completed 200 OK in 97ms (Views: 96.1ms | ActiveRecord: 0.1ms)


Started GET "/assets/application.css?body=1" for 127.0.0.1 at 2013-10-27 15:32:14 -0400
Served asset /application.css - 200 OK (7ms)


Started GET "/assets/items.css?body=1" for 127.0.0.1 at 2013-10-27 15:32:14 -0400
Served asset /items.css - 304 Not Modified (1ms)


Started GET "/assets/scaffolds.css?body=1" for 127.0.0.1 at 2013-10-27 15:32:14 -0400
Served asset /scaffolds.css - 304 Not Modified (1ms)


Started GET "/assets/jquery.js?body=1" for 127.0.0.1 at 2013-10-27 15:32:14 -0400
Served asset /jquery.js - 304 Not Modified (3ms)


Started GET "/assets/css/bootstrap.min.css?body=1" for 127.0.0.1 at 2013-10-27 15:32:14 -0400
Served asset /css/bootstrap.min.css - 304 Not Modified (1ms)


Started GET "/assets/jquery_ujs.js?body=1" for 127.0.0.1 at 2013-10-27 15:32:14 -0400
Served asset /jquery_ujs.js - 304 Not Modified (1ms)


Started GET "/assets/items.js?body=1" for 127.0.0.1 at 2013-10-27 15:32:14 -0400
Served asset /items.js - 304 Not Modified (1ms)


Started GET "/assets/application.js?body=1" for 127.0.0.1 at 2013-10-27 15:32:14 -0400
Served asset /application.js - 200 OK (8ms)


Started GET "/assets/css/bootstrap.css?body=1" for 127.0.0.1 at 2013-10-27 15:32:14 -0400
Served asset /css/bootstrap.css - 304 Not Modified (1ms)


Started GET "/assets/js/bootstrap.js?body=1" for 127.0.0.1 at 2013-10-27 15:32:14 -0400
Served asset /js/bootstrap.js - 304 Not Modified (1ms)


Started GET "/assets/js/bootstrap.min.js?body=1" for 127.0.0.1 at 2013-10-27 15:32:14 -0400
Served asset /js/bootstrap.min.js - 304 Not Modified (1ms)


Started GET "/users" for 127.0.0.1 at 2013-10-27 15:32:31 -0400
Processing by UsersController#index as HTML
  [1m[36mUser Load (0.1ms)[0m  [1mSELECT "users".* FROM "users" [0m
Completed 406 Not Acceptable in 2ms (ActiveRecord: 0.3ms)


Started GET "/users/sign_up" for 127.0.0.1 at 2013-10-27 15:32:34 -0400
Processing by Devise::RegistrationsController#new as HTML
  Rendered devise/shared/_links.erb (0.9ms)
  Rendered devise/registrations/new.html.erb within layouts/application (10.1ms)
Completed 200 OK in 32ms (Views: 20.6ms | ActiveRecord: 0.0ms)


Started GET "/assets/scaffolds.css?body=1" for 127.0.0.1 at 2013-10-27 15:32:34 -0400
Served asset /scaffolds.css - 304 Not Modified (0ms)


Started GET "/assets/items.css?body=1" for 127.0.0.1 at 2013-10-27 15:32:34 -0400
Served asset /items.css - 304 Not Modified (0ms)


Started GET "/assets/css/bootstrap.min.css?body=1" for 127.0.0.1 at 2013-10-27 15:32:34 -0400
Served asset /css/bootstrap.min.css - 304 Not Modified (0ms)


Started GET "/assets/css/bootstrap.css?body=1" for 127.0.0.1 at 2013-10-27 15:32:34 -0400
Served asset /css/bootstrap.css - 304 Not Modified (0ms)


Started GET "/assets/jquery_ujs.js?body=1" for 127.0.0.1 at 2013-10-27 15:32:34 -0400
Served asset /jquery_ujs.js - 304 Not Modified (0ms)


Started GET "/assets/jquery.js?body=1" for 127.0.0.1 at 2013-10-27 15:32:34 -0400
Served asset /jquery.js - 304 Not Modified (0ms)


Started GET "/assets/js/bootstrap.js?body=1" for 127.0.0.1 at 2013-10-27 15:32:34 -0400
Served asset /js/bootstrap.js - 304 Not Modified (0ms)


Started GET "/assets/js/bootstrap.min.js?body=1" for 127.0.0.1 at 2013-10-27 15:32:34 -0400
Served asset /js/bootstrap.min.js - 304 Not Modified (0ms)


Started GET "/assets/items.js?body=1" for 127.0.0.1 at 2013-10-27 15:32:34 -0400
Served asset /items.js - 304 Not Modified (0ms)


Started GET "/assets/application.js?body=1" for 127.0.0.1 at 2013-10-27 15:32:34 -0400
Served asset /application.js - 304 Not Modified (0ms)


Started POST "/users" for 127.0.0.1 at 2013-10-27 15:32:47 -0400
Processing by Devise::RegistrationsController#create as HTML
  Parameters: {"utf8"=>"✓", "authenticity_token"=>"Bua1IwQXX83e+aJFu7bVwAYwXxd/Z1R/hmTx0IqzwHw=", "user"=>{"email"=>"anishavasandani@gmail.com", "password"=>"[FILTERED]", "password_confirmation"=>"[FILTERED]"}, "commit"=>"Sign up"}
  [1m[35m (0.1ms)[0m  begin transaction
  [1m[36mUser Exists (0.1ms)[0m  [1mSELECT 1 AS one FROM "users" WHERE "users"."email" = 'anishavasandani@gmail.com' LIMIT 1[0m
  [1m[35m (0.0ms)[0m  rollback transaction
  Rendered devise/shared/_links.erb (0.2ms)
  Rendered devise/registrations/new.html.erb within layouts/application (2.6ms)
Completed 200 OK in 149ms (Views: 13.1ms | ActiveRecord: 0.0ms)


Started GET "/assets/items.css?body=1" for 127.0.0.1 at 2013-10-27 15:32:47 -0400
Served asset /items.css - 304 Not Modified (0ms)


Started GET "/assets/jquery.js?body=1" for 127.0.0.1 at 2013-10-27 15:32:47 -0400
Served asset /jquery.js - 304 Not Modified (0ms)


Started GET "/assets/css/bootstrap.css?body=1" for 127.0.0.1 at 2013-10-27 15:32:47 -0400
Served asset /css/bootstrap.css - 304 Not Modified (0ms)


Started GET "/assets/css/bootstrap.min.css?body=1" for 127.0.0.1 at 2013-10-27 15:32:47 -0400
Served asset /css/bootstrap.min.css - 304 Not Modified (0ms)


Started GET "/assets/jquery_ujs.js?body=1" for 127.0.0.1 at 2013-10-27 15:32:47 -0400
Served asset /jquery_ujs.js - 304 Not Modified (0ms)


Started GET "/assets/scaffolds.css?body=1" for 127.0.0.1 at 2013-10-27 15:32:47 -0400
Served asset /scaffolds.css - 304 Not Modified (0ms)


Started GET "/assets/js/bootstrap.js?body=1" for 127.0.0.1 at 2013-10-27 15:32:47 -0400
Served asset /js/bootstrap.js - 304 Not Modified (0ms)


Started GET "/assets/js/bootstrap.min.js?body=1" for 127.0.0.1 at 2013-10-27 15:32:47 -0400
Served asset /js/bootstrap.min.js - 304 Not Modified (0ms)


Started GET "/assets/items.js?body=1" for 127.0.0.1 at 2013-10-27 15:32:47 -0400
Served asset /items.js - 304 Not Modified (0ms)


Started GET "/assets/application.js?body=1" for 127.0.0.1 at 2013-10-27 15:32:47 -0400
Served asset /application.js - 304 Not Modified (0ms)


Started POST "/users" for 127.0.0.1 at 2013-10-27 15:33:42 -0400
Processing by Devise::RegistrationsController#create as HTML
  Parameters: {"utf8"=>"✓", "authenticity_token"=>"Bua1IwQXX83e+aJFu7bVwAYwXxd/Z1R/hmTx0IqzwHw=", "user"=>{"email"=>"anishavasandani@gmail.com", "password"=>"[FILTERED]", "password_confirmation"=>"[FILTERED]"}, "commit"=>"Sign up"}
  [1m[36m (0.1ms)[0m  [1mbegin transaction[0m
  [1m[35mUser Exists (0.1ms)[0m  SELECT 1 AS one FROM "users" WHERE "users"."email" = 'anishavasandani@gmail.com' LIMIT 1
  [1m[36m (0.0ms)[0m  [1mrollback transaction[0m
  Rendered devise/shared/_links.erb (0.1ms)
  Rendered devise/registrations/new.html.erb within layouts/application (2.2ms)
Completed 200 OK in 77ms (Views: 11.6ms | ActiveRecord: 0.0ms)


Started GET "/assets/application.css?body=1" for 127.0.0.1 at 2013-10-27 15:33:42 -0400
Served asset /application.css - 304 Not Modified (0ms)


Started GET "/assets/items.css?body=1" for 127.0.0.1 at 2013-10-27 15:33:42 -0400
Served asset /items.css - 304 Not Modified (0ms)


Started GET "/assets/scaffolds.css?body=1" for 127.0.0.1 at 2013-10-27 15:33:42 -0400
Served asset /scaffolds.css - 304 Not Modified (0ms)


Started GET "/assets/css/bootstrap.css?body=1" for 127.0.0.1 at 2013-10-27 15:33:42 -0400
Served asset /css/bootstrap.css - 304 Not Modified (0ms)


Started GET "/assets/css/bootstrap.min.css?body=1" for 127.0.0.1 at 2013-10-27 15:33:42 -0400
Served asset /css/bootstrap.min.css - 304 Not Modified (0ms)


Started GET "/assets/jquery.js?body=1" for 127.0.0.1 at 2013-10-27 15:33:42 -0400
Served asset /jquery.js - 304 Not Modified (0ms)


Started GET "/assets/jquery_ujs.js?body=1" for 127.0.0.1 at 2013-10-27 15:33:42 -0400
Served asset /jquery_ujs.js - 304 Not Modified (0ms)


Started GET "/assets/js/bootstrap.js?body=1" for 127.0.0.1 at 2013-10-27 15:33:42 -0400
Served asset /js/bootstrap.js - 304 Not Modified (0ms)


Started GET "/assets/js/bootstrap.min.js?body=1" for 127.0.0.1 at 2013-10-27 15:33:42 -0400
Served asset /js/bootstrap.min.js - 304 Not Modified (0ms)


Started GET "/assets/application.js?body=1" for 127.0.0.1 at 2013-10-27 15:33:42 -0400
Served asset /application.js - 304 Not Modified (0ms)


Started GET "/assets/items.js?body=1" for 127.0.0.1 at 2013-10-27 15:33:42 -0400
Served asset /items.js - 304 Not Modified (0ms)


Started GET "/users/sign_up" for 127.0.0.1 at 2013-10-27 15:35:14 -0400
Processing by Devise::RegistrationsController#new as HTML
  Rendered devise/registrations/new.html.erb within layouts/application (32.0ms)
Completed 500 Internal Server Error in 34ms

ActionView::Template::Error (undefined method `username_field' for #<ActionView::Helpers::FormBuilder:0x007ff02a148df0>):
    4:   <%= devise_error_messages! %>
    5:   
    6:   <div><%= f.label :username %><br />
    7:   <%= f.username_field :username, :autofocus => true %></div>
    8: 
    9:   <div><%= f.label :email %><br />
    10:   <%= f.email_field :email%></div>
  app/views/devise/registrations/new.html.erb:7:in `block in _app_views_devise_registrations_new_html_erb__1666506248381148987_70334737409380'
  app/views/devise/registrations/new.html.erb:3:in `_app_views_devise_registrations_new_html_erb__1666506248381148987_70334737409380'


  Rendered /Users/anishavasandani/.rvm/gems/ruby-1.9.3-p429/gems/actionpack-3.2.13/lib/action_dispatch/middleware/templates/rescues/_trace.erb (1.1ms)
  Rendered /Users/anishavasandani/.rvm/gems/ruby-1.9.3-p429/gems/actionpack-3.2.13/lib/action_dispatch/middleware/templates/rescues/_request_and_response.erb (0.7ms)
  Rendered /Users/anishavasandani/.rvm/gems/ruby-1.9.3-p429/gems/actionpack-3.2.13/lib/action_dispatch/middleware/templates/rescues/template_error.erb within rescues/layout (6.5ms)


Started GET "/users/sign_up" for 127.0.0.1 at 2013-10-27 15:36:02 -0400
Processing by Devise::RegistrationsController#new as HTML
  Rendered devise/shared/_links.erb (0.2ms)
  Rendered devise/registrations/new.html.erb within layouts/application (3.6ms)
Completed 200 OK in 14ms (Views: 13.5ms | ActiveRecord: 0.0ms)


Started GET "/assets/css/bootstrap.css?body=1" for 127.0.0.1 at 2013-10-27 15:36:02 -0400
Served asset /css/bootstrap.css - 304 Not Modified (0ms)


Started GET "/assets/items.css?body=1" for 127.0.0.1 at 2013-10-27 15:36:02 -0400
Served asset /items.css - 304 Not Modified (0ms)


Started GET "/assets/scaffolds.css?body=1" for 127.0.0.1 at 2013-10-27 15:36:02 -0400
Served asset /scaffolds.css - 304 Not Modified (0ms)


Started GET "/assets/css/bootstrap.min.css?body=1" for 127.0.0.1 at 2013-10-27 15:36:02 -0400
Served asset /css/bootstrap.min.css - 304 Not Modified (0ms)


Started GET "/assets/application.css?body=1" for 127.0.0.1 at 2013-10-27 15:36:02 -0400
Served asset /application.css - 304 Not Modified (0ms)


Started GET "/assets/jquery.js?body=1" for 127.0.0.1 at 2013-10-27 15:36:02 -0400
Served asset /jquery.js - 304 Not Modified (0ms)


Started GET "/assets/jquery_ujs.js?body=1" for 127.0.0.1 at 2013-10-27 15:36:02 -0400
Served asset /jquery_ujs.js - 304 Not Modified (0ms)


Started GET "/assets/js/bootstrap.js?body=1" for 127.0.0.1 at 2013-10-27 15:36:02 -0400
Served asset /js/bootstrap.js - 304 Not Modified (0ms)


Started GET "/assets/js/bootstrap.min.js?body=1" for 127.0.0.1 at 2013-10-27 15:36:02 -0400
Served asset /js/bootstrap.min.js - 304 Not Modified (0ms)


Started GET "/assets/items.js?body=1" for 127.0.0.1 at 2013-10-27 15:36:02 -0400
Served asset /items.js - 304 Not Modified (0ms)


Started GET "/assets/application.js?body=1" for 127.0.0.1 at 2013-10-27 15:36:02 -0400
Served asset /application.js - 304 Not Modified (0ms)


Started POST "/users" for 127.0.0.1 at 2013-10-27 15:36:30 -0400
Processing by Devise::RegistrationsController#create as HTML
  Parameters: {"utf8"=>"✓", "authenticity_token"=>"Bua1IwQXX83e+aJFu7bVwAYwXxd/Z1R/hmTx0IqzwHw=", "user"=>{"username"=>"anisha vasandani", "email"=>"anishavasandani@gmail.com", "password"=>"[FILTERED]", "password_confirmation"=>"[FILTERED]"}, "commit"=>"Sign up"}
  [1m[35m (0.1ms)[0m  begin transaction
  [1m[36mUser Exists (0.1ms)[0m  [1mSELECT 1 AS one FROM "users" WHERE "users"."email" = 'anishavasandani@gmail.com' LIMIT 1[0m
Binary data inserted for `string` type on column `encrypted_password`
  [1m[35mSQL (30.3ms)[0m  INSERT INTO "users" ("created_at", "current_sign_in_at", "current_sign_in_ip", "email", "encrypted_password", "last_sign_in_at", "last_sign_in_ip", "remember_created_at", "reset_password_sent_at", "reset_password_token", "sign_in_count", "updated_at", "username") VALUES (?, ?, ?, ?, ?, ?, ?, ?, ?, ?, ?, ?, ?)  [["created_at", Sun, 27 Oct 2013 19:36:30 UTC +00:00], ["current_sign_in_at", nil], ["current_sign_in_ip", nil], ["email", "anishavasandani@gmail.com"], ["encrypted_password", "$2a$10$nJf5a6uAcS94drJT4zaz2ePF/SQCUhv4oWl0NJXD4jThI/IXABMWS"], ["last_sign_in_at", nil], ["last_sign_in_ip", nil], ["remember_created_at", nil], ["reset_password_sent_at", nil], ["reset_password_token", nil], ["sign_in_count", 0], ["updated_at", Sun, 27 Oct 2013 19:36:30 UTC +00:00], ["username", "anisha vasandani"]]
  [1m[36m (1.1ms)[0m  [1mcommit transaction[0m
  [1m[35m (0.0ms)[0m  begin transaction
  [1m[36m (0.5ms)[0m  [1mUPDATE "users" SET "last_sign_in_at" = '2013-10-27 19:36:30.385327', "current_sign_in_at" = '2013-10-27 19:36:30.385327', "last_sign_in_ip" = '127.0.0.1', "current_sign_in_ip" = '127.0.0.1', "sign_in_count" = 1, "updated_at" = '2013-10-27 19:36:30.385972' WHERE "users"."id" = 1[0m
  [1m[35m (1.1ms)[0m  commit transaction
Redirected to http://localhost:3000/items/new
Completed 302 Found in 107ms (ActiveRecord: 0.0ms)


Started GET "/items/new" for 127.0.0.1 at 2013-10-27 15:36:30 -0400
Processing by ItemsController#new as HTML
  [1m[36mUser Load (0.2ms)[0m  [1mSELECT "users".* FROM "users" WHERE "users"."id" = 1 LIMIT 1[0m
  Rendered items/_form.html.erb (5.5ms)
  Rendered items/new.html.erb within layouts/application (6.5ms)
Completed 200 OK in 90ms (Views: 35.6ms | ActiveRecord: 0.2ms)


Started GET "/assets/application.css?body=1" for 127.0.0.1 at 2013-10-27 15:36:30 -0400
Served asset /application.css - 304 Not Modified (0ms)


Started GET "/assets/css/bootstrap.css?body=1" for 127.0.0.1 at 2013-10-27 15:36:30 -0400
Served asset /css/bootstrap.css - 304 Not Modified (0ms)


Started GET "/assets/scaffolds.css?body=1" for 127.0.0.1 at 2013-10-27 15:36:30 -0400
Served asset /scaffolds.css - 304 Not Modified (0ms)


Started GET "/assets/items.css?body=1" for 127.0.0.1 at 2013-10-27 15:36:30 -0400
Served asset /items.css - 304 Not Modified (0ms)


Started GET "/assets/css/bootstrap.min.css?body=1" for 127.0.0.1 at 2013-10-27 15:36:30 -0400
Served asset /css/bootstrap.min.css - 304 Not Modified (0ms)


Started GET "/assets/jquery.js?body=1" for 127.0.0.1 at 2013-10-27 15:36:30 -0400
Served asset /jquery.js - 304 Not Modified (0ms)


Started GET "/assets/jquery_ujs.js?body=1" for 127.0.0.1 at 2013-10-27 15:36:30 -0400
Served asset /jquery_ujs.js - 304 Not Modified (0ms)


Started GET "/assets/js/bootstrap.js?body=1" for 127.0.0.1 at 2013-10-27 15:36:30 -0400
Served asset /js/bootstrap.js - 304 Not Modified (0ms)


Started GET "/assets/js/bootstrap.min.js?body=1" for 127.0.0.1 at 2013-10-27 15:36:30 -0400
Served asset /js/bootstrap.min.js - 304 Not Modified (0ms)


Started GET "/assets/items.js?body=1" for 127.0.0.1 at 2013-10-27 15:36:30 -0400
Served asset /items.js - 304 Not Modified (0ms)


Started GET "/assets/application.js?body=1" for 127.0.0.1 at 2013-10-27 15:36:30 -0400
Served asset /application.js - 304 Not Modified (0ms)


Started GET "/users.json" for 127.0.0.1 at 2013-10-27 15:36:39 -0400
Processing by UsersController#index as JSON
  [1m[35mUser Load (0.2ms)[0m  SELECT "users".* FROM "users" 
Completed 200 OK in 29ms (Views: 0.3ms | ActiveRecord: 0.2ms)
